
=== [kalshi] seeding BTC 15m market ===
kalshi market=KXBTC15M-26MAY012130-30

=== [kalshi] fetch-server-time ===
  ✓ PASS

=== [kalshi] fetch-balance ===
  ✓ PASS

=== [kalshi] fetch-positions unfiltered ===
  ✓ PASS

=== [kalshi] fetch-positions filtered ===
  ✓ PASS

=== [kalshi] fetch-open-orders unfilt. ===
  ✓ PASS

=== [kalshi] fetch-open-orders filtered ===
  ✓ PASS

=== [kalshi] fetch-fills unfiltered ===
  ✓ PASS

=== [kalshi] fetch-fills filtered ===
  ✓ PASS

=== [kalshi] fetch-trades basic ===
  ✓ PASS

=== [kalshi] fetch-trades with window ===
  ✓ PASS

=== [kalshi] fetch-order unknown ===
  ✓ PASS

=== [kalshi] cancel-order unknown ===
  ✓ PASS

=== [kalshi] order lifecycle: create → fetch → cancel ===
  ✓ PASS create-order id=69c79ecd-b3fd-4746-8545-87b7e7e5251f

=== [kalshi] fetch-order placed ===
  ✓ PASS

=== [kalshi] cancel-order placed ===
  ✓ PASS

=== [kalshi] create-order zero price ===
  ✓ PASS

=== [kalshi] create-order one price ===
  ✓ PASS

=== [kalshi] create-order negative size ===
  ✓ PASS

=== [kalshi] cancel-all-orders unfilt. ===
  ✓ PASS

=== [kalshi] cancel-all-orders filtered ===
  ✓ PASS

=== [polymarket] seeding BTC 5m market ===
polymarket market=btc-updown-5m-1777685100 token=31379548735765147176180813942366521994859464593787398808079275489964591706025

=== [polymarket] fetch-server-time ===
  ✓ PASS

=== [polymarket] fetch-balance ===
  ⊘ SKIP (auth unavailable)

=== [polymarket] refresh-balance ===
  ⊘ SKIP (auth unavailable)

=== [polymarket] fetch-positions unfiltered ===
  ✓ PASS

=== [polymarket] fetch-positions filtered ===
  ✓ PASS

=== [polymarket] fetch-open-orders unfilt. ===
  ⊘ SKIP (auth unavailable)

=== [polymarket] fetch-open-orders filtered ===
  ⊘ SKIP (auth unavailable)

=== [polymarket] fetch-fills unfiltered ===
  ✓ PASS

=== [polymarket] fetch-fills filtered ===
  ✓ PASS

=== [polymarket] fetch-trades basic ===
  ✓ PASS

=== [polymarket] fetch-order unknown ===
  ✓ PASS

=== [polymarket] cancel-order unknown ===
  ✓ PASS

=== [polymarket] order lifecycle: create → fetch → cancel ===
  ⊘ SKIP create-order (auth unavailable)

=== [polymarket] create-order zero price ===
  ✓ PASS

=== [polymarket] create-order one price ===
  ✓ PASS

=== [polymarket] create-order negative size ===
  ✓ PASS

=== [polymarket] cancel-all-orders unfilt. ===
  ⊘ SKIP (auth unavailable)

=== [polymarket] cancel-all-orders filtered ===
  ⊘ SKIP (auth unavailable)

=== summary ===
PASS 31
SKIP 7
FAIL 0
",
      "outcome": "Yes",
      "price": 0.37,
      "size": 104.93,
      "yes_price": 0.37
    },
    {
      "aggressor_side": "buy",
      "exchange_ts": "2026-05-02T01:28:49.748188Z",
      "id": "765a7c49-26b8-5092-0745-965cd313eabf",
      "no_price": 0.64,
      "openpx_ts": "2026-05-02T01:28:44.661724Z",
      "outcome": "Yes",
      "price": 0.36,
      "size": 3.0,
      "yes_price": 0.36
    },
    {
      "aggressor_side": "buy",
      "exchange_ts": "2026-05-02T01:28:49.748188Z",
      "id": "185cb430-dd07-512a-2b76-93d145e87831",
      "no_price":
... [truncated, total 6317 bytes]
exit=0
  ✓ PASS

=== [kalshi] fetch-trades with window ===
$ /Users/mppathiyal/code/openpx/openpx/target/release/openpx kalshi fetch-trades KXBTC15M-26MAY012130-30 --start-ts 0 --limit 5
{
  "count": 5,
  "next_cursor": "EhIKELJ34SfqyXWmNOQ7n1zDO4gaDAjSptXPBhCAmNOyAQ",
  "trades": [
    {
      "aggressor_side": "sell",
      "exchange_ts": "2026-05-02T01:28:50.382097Z",
      "id": "f14ae3b8-9578-5930-bb3d-7bb40d71588c",
      "no_price": 0.66,
      "openpx_ts": "2026-05-02T01:28:45.309734Z",
      "outcome": "No",
      "price": 0.34,
      "size": 3.8,
      "yes_price": 0.34
    },
    {
      "aggressor_side": "sell",
      "exchange_ts": "2026-05-02T01:28:50.381600Z",
      "id": "e44baed1-0ed4-7b68-38b7-86accf3fa7fc",
      "no_price": 0.66,
      "openpx_ts": "2026-05-02T01:28:45.309734Z",
      "outcome": "No",
      "price": 0.34,
      "size": 6.0,
      "yes_price": 0.34
    },
    {
      "aggressor_side": "sell",
      "exchange_ts": "2026-05-02T01:28:50.374656Z",
      "id": "ee8591cb-27cb-7559-2b57-d0341c9952bc",
      "no_price": 0.66,
      "openpx_ts": "2026-05-02T01:28:45.309734Z",
      "outcome": "No",
      "price": 0.34,
      "size": 60.0,
      "yes_price": 0.34
    },
    {
      "aggressor_side": "sell",
      "exchange_ts": "2026-05-02T01:28:50.374656Z",
      "id": "cfdf5e93-fa18-785b-1606-cf2880bb4db8",
      "no_price": 0.67,
      "openpx_ts": "2026-05-02T01:28:45.309734Z",
      "outcome": "No",
      "price": 0.33,
      "size": 4.37,
      "yes_price": 0.33
    },
    {
      "aggressor_side": "sell",
      "exchange_ts": "2026-05-02T01:28:50.374656Z",
      "id": "b277e127-eac9-75a6-34e4-3b9f5cc33b88",
      "no_price": 0
... [truncated, total 1653 bytes]
exit=0
  ✓ PASS

=== [kalshi] fetch-order unknown ===
$ /Users/mppathiyal/code/openpx/openpx/target/release/openpx kalshi fetch-order 00000000-0000-0000-0000-000000000000
error: exchange error: market not found: 00000000-0000-0000-0000-000000000000
exit=1
  ✓ PASS

=== [kalshi] cancel-order unknown ===
$ /Users/mppathiyal/code/openpx/openpx/target/release/openpx kalshi cancel-order 00000000-0000-0000-0000-000000000000
error: exchange error: market not found: 00000000-0000-0000-0000-000000000000
exit=1
  ✓ PASS

=== [kalshi] order lifecycle: create → fetch → cancel ===
{
  "id": "69c79ecd-b3fd-4746-8545-87b7e7e5251f",
  "market_ticker": "KXBTC15M-26MAY012130-30",
  "outcome": "Yes",
  "side": "buy",
  "price": 0.05,
  "size": 1.0,
  "filled": 0.0,
  "fee": null,
  "status": "open",
  "created_at": "2026-05-02T01:28:47.429674Z",
  "updated_at": null
}
exit=0
  ✓ PASS create-order id=69c79ecd-b3fd-4746-8545-87b7e7e5251f

=== [kalshi] fetch-order placed ===
$ /Users/mppathiyal/code/openpx/openpx/target/release/openpx kalshi fetch-order 69c79ecd-b3fd-4746-8545-87b7e7e5251f
{
  "id": "69c79ecd-b3fd-4746-8545-87b7e7e5251f",
  "market_ticker": "KXBTC15M-26MAY012130-30",
  "outcome": "Yes",
  "side": "buy",
  "price": 0.05,
  "size": 1.0,
  "filled": 0.0,
  "fee": null,
  "status": "open",
  "created_at": "2026-05-02T01:28:52.810236Z",
  "updated_at": "2026-05-02T01:28:52.810236Z"
}
exit=0
  ✓ PASS

=== [kalshi] cancel-order placed ===
$ /Users/mppathiyal/code/openpx/openpx/target/release/openpx kalshi cancel-order 69c79ecd-b3fd-4746-8545-87b7e7e5251f
{
  "id": "69c79ecd-b3fd-4746-8545-87b7e7e5251f",
  "market_ticker": "",
  "outcome": "",
  "side": "buy",
  "price": 0.0,
  "size": 1.0,
  "filled": 0.0,
  "fee": null,
  "status": "cancelled",
  "created_at": "2026-05-02T01:28:48.906209Z",
  "updated_at": "2026-05-02T01:28:48.906209Z"
}
exit=0
  ✓ PASS

=== [kalshi] create-order zero price ===
$ /Users/mppathiyal/code/openpx/openpx/target/release/openpx kalshi create-order KXBTC15M-26MAY012130-30 --outcome yes --side buy --price 0.0 --size 1
error: exchange error: invalid order: price must be in (0, 1)
exit=1
  ✓ PASS

=== [kalshi] create-order one price ===
$ /Users/mppathiyal/code/openpx/openpx/target/release/openpx kalshi create-order KXBTC15M-26MAY012130-30 --outcome yes --side buy --price 1.0 --size 1
error: exchange error: invalid order: price must be in (0, 1)
exit=1
  ✓ PASS

=== [kalshi] create-order negative size ===
$ /Users/mppathiyal/code/openpx/openpx/target/release/openpx kalshi create-order KXBTC15M-26MAY012130-30 --outcome yes --side buy --price 0.05 --size -1
error: unexpected argument '-1' found

  tip: to pass '-1' as a value, use '-- -1'

Usage: openpx kalshi create-order [OPTIONS] --outcome <OUTCOME> --side <SIDE> --price <PRICE> --size <SIZE> <ASSET_ID>

For more information, try '--help'.
exit=2
  ✓ PASS

=== [kalshi] cancel-all-orders unfilt. ===
$ /Users/mppathiyal/code/openpx/openpx/target/release/openpx kalshi cancel-all-orders
{
  "cancelled": [],
  "count": 0
}
exit=0
  ✓ PASS

=== [kalshi] cancel-all-orders filtered ===
$ /Users/mppathiyal/code/openpx/openpx/target/release/openpx kalshi cancel-all-orders --asset-id KXBTC15M-26MAY012130-30
{
  "cancelled": [],
  "count": 0
}
exit=0
  ✓ PASS

=== [polymarket] seeding BTC 5m market ===
polymarket market=btc-updown-5m-1777685100 token=31379548735765147176180813942366521994859464593787398808079275489964591706025

=== [polymarket] fetch-server-time ===
$ /Users/mppathiyal/code/openpx/openpx/target/release/openpx polymarket fetch-server-time
{
  "iso": "2026-05-02T01:28:57+00:00",
  "unix_seconds": 1777685337
}
exit=0
  ✓ PASS

=== [polymarket] fetch-balance ===
$ /Users/mppathiyal/code/openpx/openpx/target/release/openpx polymarket fetch-balance
error: exchange error: authentication failed: authentication error: Polymarket's Cloudflare WAF blocked POST /auth/api-key from your IP. Workarounds: (1) try a different VPN exit (residential IPs are usually clean); (2) generate API credentials once via the Polymarket web app and set POLYMARKET_API_KEY, POLYMARKET_API_SECRET, POLYMARKET_API_PASSPHRASE in your environment to skip the derive flow.
exit=1
  ⊘ SKIP (auth unavailable)

=== [polymarket] refresh-balance ===
$ /Users/mppathiyal/code/openpx/openpx/target/release/openpx polymarket refresh-balance
error: exchange error: authentication failed: authentication error: Polymarket's Cloudflare WAF blocked POST /auth/api-key from your IP. Workarounds: (1) try a different VPN exit (residential IPs are usually clean); (2) generate API credentials once via the Polymarket web app and set POLYMARKET_API_KEY, POLYMARKET_API_SECRET, POLYMARKET_API_PASSPHRASE in your environment to skip the derive flow.
exit=1
  ⊘ SKIP (auth unavailable)

=== [polymarket] fetch-positions unfiltered ===
$ /Users/mppathiyal/code/openpx/openpx/target/release/openpx polymarket fetch-positions
[]
exit=0
  ✓ PASS

=== [polymarket] fetch-positions filtered ===
$ /Users/mppathiyal/code/openpx/openpx/target/release/openpx polymarket fetch-positions --market-ticker btc-updown-5m-1777685100
[]
exit=0
  ✓ PASS

=== [polymarket] fetch-open-orders unfilt. ===
$ /Users/mppathiyal/code/openpx/openpx/target/release/openpx polymarket fetch-open-orders
error: exchange error: authentication failed: authentication error: Polymarket's Cloudflare WAF blocked POST /auth/api-key from your IP. Workarounds: (1) try a different VPN exit (residential IPs are usually clean); (2) generate API credentials once via the Polymarket web app and set POLYMARKET_API_KEY, POLYMARKET_API_SECRET, POLYMARKET_API_PASSPHRASE in your environment to skip the derive flow.
exit=1
  ⊘ SKIP (auth unavailable)

=== [polymarket] fetch-open-orders filtered ===
$ /Users/mppathiyal/code/openpx/openpx/target/release/openpx polymarket fetch-open-orders --asset-id 31379548735765147176180813942366521994859464593787398808079275489964591706025
error: exchange error: authentication failed: authentication error: Polymarket's Cloudflare WAF blocked POST /auth/api-key from your IP. Workarounds: (1) try a different VPN exit (residential IPs are usually clean); (2) generate API credentials once via the Polymarket web app and set POLYMARKET_API_KEY, POLYMARKET_API_SECRET, POLYMARKET_API_PASSPHRASE in your environment to skip the derive flow.
exit=1
  ⊘ SKIP (auth unavailable)

=== [polymarket] fetch-fills unfiltered ===
$ /Users/mppathiyal/code/openpx/openpx/target/release/openpx polymarket fetch-fills --limit 10
[]
exit=0
  ✓ PASS

=== [polymarket] fetch-fills filtered ===
$ /Users/mppathiyal/code/openpx/openpx/target/release/openpx polymarket fetch-fills --market-ticker btc-updown-5m-1777685100 --limit 5
[]
exit=0
  ✓ PASS

=== [polymarket] fetch-trades basic ===
$ /Users/mppathiyal/code/openpx/openpx/target/release/openpx polymarket fetch-trades btc-updown-5m-1777685100 --limit 20
{
  "count": 20,
  "next_cursor": "20",
  "trades": [
    {
      "aggressor_side": "buy",
      "exchange_ts": "2026-05-02T01:25:14Z",
      "id": "0xd6f5415feb5612853510b88981c3c4cbcfe6f0a6a6cb7890f5e1e009edcd69aa",
      "openpx_ts": "2026-05-02T01:28:59.375879Z",
      "outcome": "Up",
      "price": 0.48999982849988855,
      "size": 2.040815,
      "taker_address": "0x775e6935d0187c3847893d0af3082ce0a44baf52"
    },
    {
      "aggressor_side": "buy",
      "exchange_ts": "2026-05-02T01:25:10Z",
      "id": "0x76f0ef40140ab78224b0dfa54afdf173bdefcc45cce563100c33ecfb865975c7",
      "openpx_ts": "2026-05-02T01:28:59.375879Z",
      "outcome": "Up",
      "price": 0.49356879855483055,
      "size": 20.2606,
      "taker_address": "0x426e4abaab5b0ba04972f0c7eca3f015ebb32335"
    },
    {
      "aggressor_side": "buy",
      "exchange_ts": "2026-05-02T01:25:10Z",
      "id": "0x9d81189c2e1b2a09edbd9b74750351a4b02b74e7f48c989bcc408af17a344d3b",
      "openpx_ts": "2026-05-02T01:28:59.375879Z",
      "outcome": "Up",
      "price": 0.48999982849988855,
      "size": 2.040815,
      "taker_address": "0x6af38120a15db32547861c005bcf3265921f8ab2"
    },
    {
      "aggressor_side": "buy",
      "exchange_ts": "2026-05-02T01:25:10Z",
      "id": "0xfcc09a09e22d25b45c85960d04f9ea2bd047092393a53d31c433f578c3cee665",
      "openpx_ts": "2026-05-02T01:28:59.375879Z",
      "outcome": "Up",
      "price": 0.4900099227009347,
      "size": 16.3262,
      "taker_address": "0x426e4abaab
... [truncated, total 7368 bytes]
exit=0
  ✓ PASS

=== [polymarket] fetch-order unknown ===
$ /Users/mppathiyal/code/openpx/openpx/target/release/openpx polymarket fetch-order 0xdeaddeaddeaddeaddeaddeaddeaddeaddeaddeaddeaddeaddeaddeaddeaddead
error: exchange error: authentication failed: authentication error: Polymarket's Cloudflare WAF blocked POST /auth/api-key from your IP. Workarounds: (1) try a different VPN exit (residential IPs are usually clean); (2) generate API credentials once via the Polymarket web app and set POLYMARKET_API_KEY, POLYMARKET_API_SECRET, POLYMARKET_API_PASSPHRASE in your environment to skip the derive flow.
exit=1
  ✓ PASS

=== [polymarket] cancel-order unknown ===
$ /Users/mppathiyal/code/openpx/openpx/target/release/openpx polymarket cancel-order 0xdeaddeaddeaddeaddeaddeaddeaddeaddeaddeaddeaddeaddeaddeaddeaddead
error: exchange error: authentication failed: authentication error: Polymarket's Cloudflare WAF blocked POST /auth/api-key from your IP. Workarounds: (1) try a different VPN exit (residential IPs are usually clean); (2) generate API credentials once via the Polymarket web app and set POLYMARKET_API_KEY, POLYMARKET_API_SECRET, POLYMARKET_API_PASSPHRASE in your environment to skip the derive flow.
exit=1
  ✓ PASS

=== [polymarket] order lifecycle: create → fetch → cancel ===
error: exchange error: authentication failed: authentication error: Polymarket's Cloudflare WAF blocked POST /auth/api-key from your IP. Workarounds: (1) try a different VPN exit (residential IPs are usually clean); (2) generate API credentials once via the Polymarket web app and set POLYMARKET_API_KEY, POLYMARKET_API_SECRET, POLYMARKET_API_PASSPHRASE in your environment to skip the derive flow.
exit=1
  ⊘ SKIP create-order (auth unavailable)

=== [polymarket] create-order zero price ===
$ /Users/mppathiyal/code/openpx/openpx/target/release/openpx polymarket create-order 31379548735765147176180813942366521994859464593787398808079275489964591706025 --outcome yes --side buy --price 0.0 --size 110
error: exchange error: authentication failed: authentication error: Polymarket's Cloudflare WAF blocked POST /auth/api-key from your IP. Workarounds: (1) try a different VPN exit (residential IPs are usually clean); (2) generate API credentials once via the Polymarket web app and set POLYMARKET_API_KEY, POLYMARKET_API_SECRET, POLYMARKET_API_PASSPHRASE in your environment to skip the derive flow.
exit=1
  ✓ PASS

=== [polymarket] create-order one price ===
$ /Users/mppathiyal/code/openpx/openpx/target/release/openpx polymarket create-order 31379548735765147176180813942366521994859464593787398808079275489964591706025 --outcome yes --side buy --price 1.0 --size 110
error: exchange error: authentication failed: authentication error: Polymarket's Cloudflare WAF blocked POST /auth/api-key from your IP. Workarounds: (1) try a different VPN exit (residential IPs are usually clean); (2) generate API credentials once via the Polymarket web app and set POLYMARKET_API_KEY, POLYMARKET_API_SECRET, POLYMARKET_API_PASSPHRASE in your environment to skip the derive flow.
exit=1
  ✓ PASS

=== [polymarket] create-order negative size ===
$ /Users/mppathiyal/code/openpx/openpx/target/release/openpx polymarket create-order 31379548735765147176180813942366521994859464593787398808079275489964591706025 --outcome yes --side buy --price 0.05 --size -10
error: unexpected argument '-1' found

  tip: to pass '-1' as a value, use '-- -1'

Usage: openpx polymarket create-order [OPTIONS] --outcome <OUTCOME> --side <SIDE> --price <PRICE> --size <SIZE> <ASSET_ID>

For more information, try '--help'.
exit=2
  ✓ PASS

=== [polymarket] cancel-all-orders unfilt. ===
$ /Users/mppathiyal/code/openpx/openpx/target/release/openpx polymarket cancel-all-orders
error: exchange error: authentication failed: authentication error: Polymarket's Cloudflare WAF blocked POST /auth/api-key from your IP. Workarounds: (1) try a different VPN exit (residential IPs are usually clean); (2) generate API credentials once via the Polymarket web app and set POLYMARKET_API_KEY, POLYMARKET_API_SECRET, POLYMARKET_API_PASSPHRASE in your environment to skip the derive flow.
exit=1
  ⊘ SKIP (auth unavailable)

=== [polymarket] cancel-all-orders filtered ===
$ /Users/mppathiyal/code/openpx/openpx/target/release/openpx polymarket cancel-all-orders --asset-id 31379548735765147176180813942366521994859464593787398808079275489964591706025
error: exchange error: authentication failed: authentication error: Polymarket's Cloudflare WAF blocked POST /auth/api-key from your IP. Workarounds: (1) try a different VPN exit (residential IPs are usually clean); (2) generate API credentials once via the Polymarket web app and set POLYMARKET_API_KEY, POLYMARKET_API_SECRET, POLYMARKET_API_PASSPHRASE in your environment to skip the derive flow.
exit=1
  ⊘ SKIP (auth unavailable)

=== summary ===
PASS 31
SKIP 7
FAIL 0
