   Compiling openpx v0.2.6 (/Users/mppathiyal/Code/openpx/openpx/engine/sdk)
    Finished `test` profile [unoptimized + debuginfo] target(s) in 5.80s
     Running tests/e2e_trading.rs (target/debug/deps/e2e_trading-ab82704a867c41e4)

running 41 tests
test kalshi::cancel_all_orders_filtered_by_asset ... ok
test kalshi::cancel_all_orders_no_filter_returns_vec ... ok
test kalshi::cancel_order_unknown_id_errors ... ok
test kalshi::create_order_rejects_negative_size ... ok
test kalshi::create_order_rejects_price_one ... ok
test kalshi::create_order_rejects_price_zero ... ok
test kalshi::create_orders_batch_empty_returns_empty ... ok
test kalshi::create_orders_batch_oversize_rejects ... ok
test kalshi::describe_advertises_authenticated_surface ... ok
test kalshi::fetch_balance_returns_known_currency ... ok
test kalshi::fetch_fills_filtered_by_market ... ok
test kalshi::fetch_fills_unfiltered_with_limit ... ok
test kalshi::fetch_order_unknown_id_errors ... ok
test kalshi::fetch_positions_filtered_by_market ... ok
test kalshi::fetch_positions_unfiltered ... ok
test kalshi::fetch_server_time_within_60s_of_system ... ok
test kalshi::fetch_trades_basic ... ok
test kalshi::fetch_trades_with_time_window ... ok
test kalshi::order_lifecycle_create_fetch_cancel ... ok
test kalshi::refresh_balance_returns_ok ... ok
test polymarket::cancel_all_orders_filtered_by_asset ... ok
test polymarket::cancel_all_orders_no_filter_returns_vec ... ok
test polymarket::cancel_order_unknown_id_errors ... ok
test polymarket::create_order_rejects_negative_size ... ok
test polymarket::create_order_rejects_price_one ... ok
test polymarket::create_order_rejects_price_zero ... ok
test polymarket::create_orders_batch_empty_returns_empty ... ok
test polymarket::create_orders_batch_oversize_rejects ... ok
test polymarket::describe_advertises_authenticated_surface ... ok
test polymarket::fetch_balance_returns_known_currency ... ok
test polymarket::fetch_fills_filtered_by_market ... polymarket/fills(btc-updown-5m-1777685100): count=0
ok
test polymarket::fetch_fills_unfiltered_with_limit ... polymarket/fills(None,10): count=0
ok
test polymarket::fetch_order_unknown_id_errors ... ok
test polymarket::fetch_positions_filtered_by_market ... polymarket/positions(btc-updown-5m-1777685100): 0 held
ok
test polymarket::fetch_positions_unfiltered ... polymarket/positions(None): 0 held
ok
test polymarket::fetch_server_time_within_60s_of_system ... ok
test polymarket::fetch_trades_basic ... polymarket/trades(btc-updown-5m-1777685100): count=20
ok
test polymarket::fetch_trades_with_time_window ... polymarket/trades+window: count=50
ok
test polymarket::order_lifecycle_create_fetch_cancel ... polymarket/lifecycle: market=btc-updown-5m-1777685100 asset=31379548735765147176180813942366521994859464593787398808079275489964591706025 price=0.05 size=110 tick=0.01
ok
test polymarket::refresh_balance_returns_ok ... ok
test unified_trading_shape_across_exchanges ... ok

test result: ok. 41 passed; 0 failed; 0 ignored; 0 measured; 0 filtered out; finished in 22.95s

